This is pdfTeX, Version 3.14159265-2.6-1.40.21 (MiKTeX 21.1) (preloaded format=pdflatex 2021.1.31)  15 DEC 2021 15:49
entering extended mode
**./main.tex
(main.tex
LaTeX2e <2020-10-01> patch level 4
L3 programming layer <2021-01-09> xparse <2020-03-03>
(C:\Users\Owner\AppData\Local\Programs\MiKTeX\tex/latex/base\article.cls
Document Class: article 2020/04/10 v1.4m Standard LaTeX document class
(C:\Users\Owner\AppData\Local\Programs\MiKTeX\tex/latex/base\size10.clo
File: size10.clo 2020/04/10 v1.4m Standard LaTeX file (size option)
)
\c@part=\count177
\c@section=\count178
\c@subsection=\count179
\c@subsubsection=\count180
\c@paragraph=\count181
\c@subparagraph=\count182
\c@figure=\count183
\c@table=\count184
\abovecaptionskip=\skip47
\belowcaptionskip=\skip48
\bibindent=\dimen138
)
(C:\Users\Owner\AppData\Local\Programs\MiKTeX\tex/latex/amsmath\amsmath.sty
Package: amsmath 2020/09/23 v2.17i AMS math features
\@mathmargin=\skip49

For additional information on amsmath, use the `?' option.
(C:\Users\Owner\AppData\Local\Programs\MiKTeX\tex/latex/amsmath\amstext.sty
Package: amstext 2000/06/29 v2.01 AMS text

(C:\Users\Owner\AppData\Local\Programs\MiKTeX\tex/latex/amsmath\amsgen.sty
File: amsgen.sty 1999/11/30 v2.0 generic functions
\@emptytoks=\toks15
\ex@=\dimen139
))
(C:\Users\Owner\AppData\Local\Programs\MiKTeX\tex/latex/amsmath\amsbsy.sty
Package: amsbsy 1999/11/29 v1.2d Bold Symbols
\pmbraise@=\dimen140
)
(C:\Users\Owner\AppData\Local\Programs\MiKTeX\tex/latex/amsmath\amsopn.sty
Package: amsopn 2016/03/08 v2.02 operator names
)
\inf@bad=\count185
LaTeX Info: Redefining \frac on input line 234.
\uproot@=\count186
\leftroot@=\count187
LaTeX Info: Redefining \overline on input line 399.
\classnum@=\count188
\DOTSCASE@=\count189
LaTeX Info: Redefining \ldots on input line 496.
LaTeX Info: Redefining \dots on input line 499.
LaTeX Info: Redefining \cdots on input line 620.
\Mathstrutbox@=\box47
\strutbox@=\box48
\big@size=\dimen141
LaTeX Font Info:    Redeclaring font encoding OML on input line 743.
LaTeX Font Info:    Redeclaring font encoding OMS on input line 744.
\macc@depth=\count190
\c@MaxMatrixCols=\count191
\dotsspace@=\muskip16
\c@parentequation=\count192
\dspbrk@lvl=\count193
\tag@help=\toks16
\row@=\count194
\column@=\count195
\maxfields@=\count196
\andhelp@=\toks17
\eqnshift@=\dimen142
\alignsep@=\dimen143
\tagshift@=\dimen144
\tagwidth@=\dimen145
\totwidth@=\dimen146
\lineht@=\dimen147
\@envbody=\toks18
\multlinegap=\skip50
\multlinetaggap=\skip51
\mathdisplay@stack=\toks19
LaTeX Info: Redefining \[ on input line 2923.
LaTeX Info: Redefining \] on input line 2924.
)
(C:\Users\Owner\AppData\Local\Programs\MiKTeX\tex/latex/multirow\multirow.sty
Package: multirow 2021/01/29 v2.7 Span multiple rows of a table
\multirow@colwidth=\skip52
\multirow@cntb=\count197
\multirow@dima=\skip53
\bigstrutjot=\dimen148
)
(C:\Users\Owner\AppData\Local\Programs\MiKTeX\tex/latex/l3backend\l3backend-pdf
tex.def
File: l3backend-pdftex.def 2020-01-29 L3 backend support: PDF output (pdfTeX)
\l__color_backend_stack_int=\count198
\l__pdf_internal_box=\box49
) (main.aux)
\openout1 = `main.aux'.

LaTeX Font Info:    Checking defaults for OML/cmm/m/it on input line 12.
LaTeX Font Info:    ... okay on input line 12.
LaTeX Font Info:    Checking defaults for OMS/cmsy/m/n on input line 12.
LaTeX Font Info:    ... okay on input line 12.
LaTeX Font Info:    Checking defaults for OT1/cmr/m/n on input line 12.
LaTeX Font Info:    ... okay on input line 12.
LaTeX Font Info:    Checking defaults for T1/cmr/m/n on input line 12.
LaTeX Font Info:    ... okay on input line 12.
LaTeX Font Info:    Checking defaults for TS1/cmr/m/n on input line 12.
LaTeX Font Info:    ... okay on input line 12.
LaTeX Font Info:    Checking defaults for OMX/cmex/m/n on input line 12.
LaTeX Font Info:    ... okay on input line 12.
LaTeX Font Info:    Checking defaults for U/cmr/m/n on input line 12.
LaTeX Font Info:    ... okay on input line 12.
 [1{C:/Users/Owner/AppData/Local/MiKTeX/pdftex/config/pdftex.map}


]

LaTeX Warning: Command \textendash invalid in math mode on input line 39.

LaTeX Font Info:    Trying to load font information for OMS+cmr on input line 4
5.
(C:\Users\Owner\AppData\Local\Programs\MiKTeX\tex/latex/base\omscmr.fd
File: omscmr.fd 2019/12/16 v2.5j Standard LaTeX font definitions
)
LaTeX Font Info:    Font shape `OMS/cmr/m/n' in size <10> not available
(Font)              Font shape `OMS/cmsy/m/n' tried instead on input line 45.

Underfull \hbox (badness 2088) in paragraph at lines 45--48
\OT1/cmr/m/n/10 dou-ble check bi-nary arith-metic and op-er-a-tions.
 []


Underfull \hbox (badness 10000) in paragraph at lines 45--48

 []


Underfull \hbox (badness 1565) in paragraph at lines 45--48
\OT1/cmr/m/n/10 The value of the dec-i-mal num-ber $\OML/cmm/m/it/10 D$ \OT1/cm
r/m/n/10 needs to
 []


LaTeX Warning: Command \textellipsis invalid in math mode on input line 49.


LaTeX Warning: Command \textellipsis invalid in math mode on input line 54.

[2]
Underfull \hbox (badness 10000) in paragraph at lines 91--94

 []

[3]
Overfull \vbox (12.0pt too high) detected at line 218
 []


Overfull \hbox (28.01813pt too wide) in paragraph at lines 206--224
 [][] 
 []


Overfull \hbox (0.95613pt too wide) in paragraph at lines 232--241
\OT1/cmr/m/n/10 https://ethw.org/Binary[]Numbers[]and[]Binary[]Math
 []


Underfull \hbox (badness 10000) in paragraph at lines 232--241

 []


Underfull \hbox (badness 10000) in paragraph at lines 232--241

 []


Underfull \hbox (badness 10000) in paragraph at lines 232--241
\OT1/cmr/m/n/10 [3] \Bi-nary Bracelets."
 []


Underfull \hbox (badness 10000) in paragraph at lines 232--241
\OT1/cmr/m/n/10 https://code.org/curriculum/course2/14/Teacher
 []


Underfull \hbox (badness 10000) in paragraph at lines 232--241

 []


Underfull \hbox (badness 4353) in paragraph at lines 232--241
\OT1/cmr/m/n/10 [4]\Decimal vs Bi-nary - What are the Sim-
 []


Underfull \hbox (badness 10000) in paragraph at lines 232--241
\OT1/cmr/m/n/10 i-lar-i-ties and dif-fer-ences be-tween Bi-nary
 []


Underfull \hbox (badness 10000) in paragraph at lines 232--241
\OT1/cmr/m/n/10 & Dec-i-mal Sys-tems? - School-elec-tronic."
 []


Underfull \hbox (badness 10000) in paragraph at lines 232--241
\OT1/cmr/m/n/10 https://www.schoolelectronic.com/decimal-vs-
 []


Underfull \hbox (badness 10000) in paragraph at lines 232--241

 []


Underfull \hbox (badness 10000) in paragraph at lines 232--241
\OT1/cmr/m/n/10 [5] \Kids Math: Bi-nary Num-bers.
 []


Overfull \hbox (64.28398pt too wide) in paragraph at lines 232--241
\OT1/cmr/m/n/10 "https://www.ducksters.com/kidsmath/binary[]numbers[]basics.php

 []

[4] [5

] (main.aux) ) 
Here is how much of TeX's memory you used:
 1167 strings out of 479618
 16969 string characters out of 2865026
 306361 words of memory out of 3000000
 18383 multiletter control sequences out of 15000+200000
 409432 words of font info for 48 fonts, out of 3000000 for 9000
 1141 hyphenation exceptions out of 8191
 67i,10n,74p,1028b,224s stack positions out of 5000i,500n,10000p,200000b,50000s
<C:/Users/Owner/AppData/Local/Programs/MiKTeX/fonts/type1/public/
amsfonts/cm/cmbx10.pfb><C:/Users/Owner/AppData/Local/Programs/MiKTeX/fonts/type
1/public/amsfonts/cm/cmbx12.pfb><C:/Users/Owner/AppData/Local/Programs/MiKTeX/f
onts/type1/public/amsfonts/cm/cmex10.pfb><C:/Users/Owner/AppData/Local/Programs
/MiKTeX/fonts/type1/public/amsfonts/cm/cmmi10.pfb><C:/Users/Owner/AppData/Local
/Programs/MiKTeX/fonts/type1/public/amsfonts/cm/cmmi7.pfb><C:/Users/Owner/AppDa
ta/Local/Programs/MiKTeX/fonts/type1/public/amsfonts/cm/cmr10.pfb><C:/Users/Own
er/AppData/Local/Programs/MiKTeX/fonts/type1/public/amsfonts/cm/cmr12.pfb><C:/U
sers/Owner/AppData/Local/Programs/MiKTeX/fonts/type1/public/amsfonts/cm/cmr17.p
fb><C:/Users/Owner/AppData/Local/Programs/MiKTeX/fonts/type1/public/amsfonts/cm
/cmr5.pfb><C:/Users/Owner/AppData/Local/Programs/MiKTeX/fonts/type1/public/amsf
onts/cm/cmr7.pfb><C:/Users/Owner/AppData/Local/Programs/MiKTeX/fonts/type1/publ
ic/amsfonts/cm/cmsy10.pfb><C:/Users/Owner/AppData/Local/Programs/MiKTeX/fonts/t
ype1/public/amsfonts/cm/cmsy7.pfb>
Output written on main.pdf (5 pages, 147450 bytes).
PDF statistics:
 66 PDF objects out of 1000 (max. 8388607)
 0 named destinations out of 1000 (max. 500000)
 1 words of extra memory for PDF output out of 10000 (max. 10000000)

